<?xml version="1.0" encoding="UTF-8"?>
<!-- Generated by org.testng.reporters.JUnitXMLReporter -->
<testsuite ignored="0" hostname="Boobal-PC" failures="0" tests="4" name="Default test" time="15.597" errors="0" timestamp="2021-09-06T16:55:52 IST">
  <testcase classname="loginTestCases.login" name="loginWithBothCorrect" time="5.297"/>
  <testcase classname="loginTestCases.login" name="loginWithBothCorrect" time="4.892"/>
  <testcase classname="loginTestCases.login" name="loginWithBothCorrect" time="1.203"/>
  <testcase classname="loginTestCases.login" name="loginWithBothCorrect" time="1.735"/>
</testsuite> <!-- Default test -->
