<?xml version="1.0" encoding="UTF-8"?>
<testng-results ignored="0" total="4" passed="4" failed="0" skipped="0">
  <reporter-output>
  </reporter-output>
  <suite started-at="2021-09-06T16:55:36 IST" name="Default suite" finished-at="2021-09-06T16:55:52 IST" duration-ms="15597">
    <groups>
    </groups>
    <test started-at="2021-09-06T16:55:36 IST" name="Default test" finished-at="2021-09-06T16:55:52 IST" duration-ms="15597">
      <class name="loginTestCases.login">
        <test-method is-config="true" signature="beforeTest()[pri:0, instance:loginTestCases.login@15aab8c6]" started-at="2021-09-06T16:55:36 IST" name="beforeTest" finished-at="2021-09-06T16:55:38 IST" duration-ms="1672" status="PASS">
          <reporter-output>
          </reporter-output>
        </test-method> <!-- beforeTest -->
        <test-method signature="loginWithBothCorrect(java.lang.String,java.lang.String)[pri:0, instance:loginTestCases.login@15aab8c6]" started-at="2021-09-06T16:55:38 IST" name="loginWithBothCorrect" data-provider="loginData" finished-at="2021-09-06T16:55:44 IST" duration-ms="5297" status="PASS">
          <params>
            <param index="0">
              <value>
                <![CDATA[admin]]>
              </value>
            </param>
            <param index="1">
              <value>
                <![CDATA[admin]]>
              </value>
            </param>
          </params>
          <reporter-output>
          </reporter-output>
        </test-method> <!-- loginWithBothCorrect -->
        <test-method signature="loginWithBothCorrect(java.lang.String,java.lang.String)[pri:0, instance:loginTestCases.login@15aab8c6]" started-at="2021-09-06T16:55:44 IST" name="loginWithBothCorrect" data-provider="loginData" finished-at="2021-09-06T16:55:49 IST" duration-ms="4892" status="PASS">
          <params>
            <param index="0">
              <value>
                <![CDATA[admin]]>
              </value>
            </param>
            <param index="1">
              <value>
                <![CDATA[admin123]]>
              </value>
            </param>
          </params>
          <reporter-output>
          </reporter-output>
        </test-method> <!-- loginWithBothCorrect -->
        <test-method signature="loginWithBothCorrect(java.lang.String,java.lang.String)[pri:0, instance:loginTestCases.login@15aab8c6]" started-at="2021-09-06T16:55:49 IST" name="loginWithBothCorrect" data-provider="loginData" finished-at="2021-09-06T16:55:50 IST" duration-ms="1203" status="PASS">
          <params>
            <param index="0">
              <value>
                <![CDATA[Admin]]>
              </value>
            </param>
            <param index="1">
              <value>
                <![CDATA[admin]]>
              </value>
            </param>
          </params>
          <reporter-output>
          </reporter-output>
        </test-method> <!-- loginWithBothCorrect -->
        <test-method signature="loginWithBothCorrect(java.lang.String,java.lang.String)[pri:0, instance:loginTestCases.login@15aab8c6]" started-at="2021-09-06T16:55:50 IST" name="loginWithBothCorrect" data-provider="loginData" finished-at="2021-09-06T16:55:51 IST" duration-ms="1735" status="PASS">
          <params>
            <param index="0">
              <value>
                <![CDATA[Admin]]>
              </value>
            </param>
            <param index="1">
              <value>
                <![CDATA[admin123]]>
              </value>
            </param>
          </params>
          <reporter-output>
          </reporter-output>
        </test-method> <!-- loginWithBothCorrect -->
        <test-method is-config="true" signature="afterTest()[pri:0, instance:loginTestCases.login@15aab8c6]" started-at="2021-09-06T16:55:51 IST" name="afterTest" finished-at="2021-09-06T16:55:52 IST" duration-ms="624" status="PASS">
          <reporter-output>
          </reporter-output>
        </test-method> <!-- afterTest -->
      </class> <!-- loginTestCases.login -->
    </test> <!-- Default test -->
  </suite> <!-- Default suite -->
</testng-results>
