<?xml version="1.0" encoding="UTF-8"?>
<!-- Generated by org.testng.reporters.JUnitXMLReporter -->
<testsuite ignored="0" hostname="Boobal-PC" failures="0" tests="4" name="login test cases" time="42.666" errors="0" timestamp="2021-09-05T21:28:38 IST">
  <testcase classname="loginTestCases.correctUserName" name="loginWithCorrectUserName" time="9.671"/>
  <testcase classname="loginTestCases.correctPassword" name="loginWithCorrectPassword" time="25.822"/>
  <testcase classname="loginTestCases.bothCorrect" name="loginWithBothCorrect" time="29.657"/>
  <testcase classname="loginTestCases.bothIncorrect" name="loginWithBothInCorrect" time="42.615"/>
</testsuite> <!-- login test cases -->
